<?xml version="1.0" encoding="UTF-8"?>
<!-- Generated by org.testng.reporters.JUnitReportReporter -->
<testsuite skipped="0" hostname="DESKTOP-I2E0FP6" name="remotedriver.SecondTest" tests="2" failures="0" timestamp="2019-09-26T16:06:17 NZST" time="39.920" errors="0">
  <testcase name="GOOGLE4" time="12.578" classname="remotedriver.SecondTest"/>
  <testcase name="YANDEX" time="27.342" classname="remotedriver.SecondTest"/>
</testsuite> <!-- remotedriver.SecondTest -->
