<?xml version="1.0" encoding="UTF-8"?>
<!-- Generated by org.testng.reporters.JUnitReportReporter -->
<testsuite skipped="0" hostname="DESKTOP-I2E0FP6" name="remotedriver.FirstTest" tests="3" failures="0" timestamp="2019-09-26T16:06:17 NZST" time="33.385" errors="0">
  <testcase name="GOOGLE2" time="6.191" classname="remotedriver.FirstTest"/>
  <testcase name="GOOGLE1" time="14.431" classname="remotedriver.FirstTest"/>
  <testcase name="GOOGLE3" time="12.763" classname="remotedriver.FirstTest"/>
</testsuite> <!-- remotedriver.FirstTest -->
